\BOOKMARK [1][]{section.1}{\376\377\0001\000\040\000S\001\102\000o\000w\000e\000m\000\040\000w\000s\000t\001\031\000p\000u}{}% 1
\BOOKMARK [2][-]{subsection.1.1}{\376\377\0001\000.\0001\000\040\000Z\000a\001\102\000o\001\174\000e\000n\000i\000a\000\040\000p\000r\000o\000j\000e\000k\000t\000u}{section.1}% 2
\BOOKMARK [1][]{section.2}{\376\377\0002\000\040\000P\000r\000o\000g\000r\000a\000m\000y\000\040\000d\000o\000\040\000s\000y\000n\000c\000h\000r\000o\000n\000i\000z\000a\000c\000j\000i}{}% 3
\BOOKMARK [2][-]{subsection.2.1}{\376\377\0002\000.\0001\000\040\000P\000a\000k\000i\000e\000t\000y\000\040\000s\000e\000r\000w\000e\000r\000/\000k\000l\000i\000e\000n\000t}{section.2}% 4
\BOOKMARK [3][-]{subsubsection.2.1.1}{\376\377\0002\000.\0001\000.\0001\000\040\000A\000l\000l\000w\000a\000y\000\040\000S\000y\000n\000c}{subsection.2.1}% 5
\BOOKMARK [3][-]{subsubsection.2.1.2}{\376\377\0002\000.\0001\000.\0002\000\040\000G\000o\000o\000d\000S\000y\000n\000c}{subsection.2.1}% 6
\BOOKMARK [2][-]{subsection.2.2}{\376\377\0002\000.\0002\000\040\000D\000y\000s\000k\000\040\000w\000i\000r\000t\000u\000a\000l\000n\000y}{section.2}% 7
\BOOKMARK [2][-]{subsection.2.3}{\376\377\0002\000.\0003\000\040\000P\000o\000d\000s\000u\000m\000o\000w\000a\000n\000i\000e}{section.2}% 8
\BOOKMARK [1][]{section.3}{\376\377\0003\000\040\000R\000s\000y\000n\000c}{}% 9
\BOOKMARK [2][-]{subsection.3.1}{\376\377\0003\000.\0001\000\040\000P\000a\000r\000a\000m\000e\000t\000r\000y}{section.3}% 10
\BOOKMARK [2][-]{subsection.3.2}{\376\377\0003\000.\0002\000\040\000P\000r\000z\000y\000k\001\102\000a\000d\000y\000\040\000u\001\174\000y\000c\000i\000a}{section.3}% 11
\BOOKMARK [3][-]{subsubsection.3.2.1}{\376\377\0003\000.\0002\000.\0001\000\040\000l\000o\000k\000a\000l\000n\000i\000e}{subsection.3.2}% 12
\BOOKMARK [3][-]{subsubsection.3.2.2}{\376\377\0003\000.\0002\000.\0002\000\040\000z\000d\000a\000l\000n\000i\000e}{subsection.3.2}% 13
\BOOKMARK [3][-]{subsubsection.3.2.3}{\376\377\0003\000.\0002\000.\0003\000\040\000p\000o\000p\000r\000z\000e\000z\000\040\000u\000s\001\102\000u\000g\001\031\000\040\000r\000s\000y\000n\000c\000d}{subsection.3.2}% 14
\BOOKMARK [3][-]{subsubsection.3.2.4}{\376\377\0003\000.\0002\000.\0004\000\040\000z\000a\000\040\000p\000o\000m\000o\000c\001\005\000\040\000S\000S\000H}{subsection.3.2}% 15
\BOOKMARK [1][]{section.4}{\376\377\0004\000\040\000c\000w\000R\000s\000y\000n\000c}{}% 16
\BOOKMARK [2][-]{subsection.4.1}{\376\377\0004\000.\0001\000\040\000I\000n\000s\000t\000a\000l\000a\000c\000j\000a\000\040\000C\000y\000g\000w\000i\000n\000'\000a}{section.4}% 17
\BOOKMARK [2][-]{subsection.4.2}{\376\377\0004\000.\0002\000\040\000S\000k\000r\000y\000p\000t\000y}{section.4}% 18
\BOOKMARK [2][-]{subsection.4.3}{\376\377\0004\000.\0003\000\040\000U\000s\000t\000a\000w\000i\000a\000n\000i\000e\000\040\000k\000l\000u\000c\000z\000y\000\040\000w\000\040\000S\000S\000H}{section.4}% 19
\BOOKMARK [2][-]{subsection.4.4}{\376\377\0004\000.\0004\000\040\000I\000n\000s\000t\000r\000u\000k\000c\000j\000a\000\040\000i\000n\000s\000t\000a\000l\000a\000c\000j\000i\000\040\000i\000\040\000o\000b\000s\001\102\000u\000g\000i}{section.4}% 20
